<?xml version="1.0" encoding="utf-8"?><testsuites name="pytest tests"><testsuite name="pytest" errors="0" failures="0" skipped="0" tests="12" time="3.247" timestamp="2026-03-20T14:22:31.581852+00:00" hostname="agent-env-d5f1b87e-1168-4088-86cf-85e339b9bf58"><testcase classname="backend.tests.test_webhooks.TestGlobalWebhooks" name="test_get_global_webhooks_requires_auth" time="0.856" /><testcase classname="backend.tests.test_webhooks.TestGlobalWebhooks" name="test_get_global_webhooks_with_auth" time="0.197" /><testcase classname="backend.tests.test_webhooks.TestGlobalWebhooks" name="test_put_global_webhooks_with_auth" time="0.157" /><testcase classname="backend.tests.test_webhooks.TestProductWebhooks" name="test_get_product_webhooks_requires_auth" time="0.847" /><testcase classname="backend.tests.test_webhooks.TestProductWebhooks" name="test_get_product_webhooks_with_auth" time="0.049" /><testcase classname="backend.tests.test_webhooks.TestMessageTemplates" name="test_get_templates_requires_auth" time="0.112" /><testcase classname="backend.tests.test_webhooks.TestMessageTemplates" name="test_get_templates_with_auth" time="0.050" /><testcase classname="backend.tests.test_webhooks.TestMessageTemplates" name="test_put_templates_with_auth" time="0.279" /><testcase classname="backend.tests.test_webhooks.TestMessageTemplates" name="test_reset_templates" time="0.053" /><testcase classname="backend.tests.test_webhooks.TestWebhookTest" name="test_test_webhook_requires_auth" time="0.110" /><testcase classname="backend.tests.test_webhooks.TestWebhookTest" name="test_test_webhook_empty_url" time="0.048" /><testcase classname="backend.tests.test_webhooks.TestWebhookTest" name="test_test_webhook_with_real_url" time="0.418" /></testsuite></testsuites>