<?xml version="1.0" encoding="utf-8"?><testsuites name="pytest tests"><testsuite name="pytest" errors="0" failures="0" skipped="0" tests="7" time="1.419" timestamp="2026-04-16T08:54:07.849350+00:00" hostname="agent-env-bb602274-5b61-46fb-91b0-ec536c2f6a80"><testcase classname="backend.tests.test_complaint_feature.TestComplaintEndpoint" name="test_complaint_missing_whatsapp_returns_400" time="0.141" /><testcase classname="backend.tests.test_complaint_feature.TestComplaintEndpoint" name="test_complaint_short_reason_returns_400" time="0.115" /><testcase classname="backend.tests.test_complaint_feature.TestComplaintEndpoint" name="test_complaint_nonexistent_order_returns_404" time="0.105" /><testcase classname="backend.tests.test_complaint_feature.TestComplaintEndpoint" name="test_complaint_valid_data_returns_200" time="0.105" /><testcase classname="backend.tests.test_complaint_feature.TestComplaintEndpoint" name="test_complaint_without_email_returns_200" time="0.108" /><testcase classname="backend.tests.test_complaint_feature.TestWebhookConfigComplaintField" name="test_get_webhooks_returns_complaint_webhook_field" time="0.243" /><testcase classname="backend.tests.test_complaint_feature.TestWebhookConfigComplaintField" name="test_put_webhooks_accepts_complaint_webhook" time="0.542" /></testsuite></testsuites>