<?xml version="1.0" encoding="utf-8"?><testsuites name="pytest tests"><testsuite name="pytest" errors="0" failures="1" skipped="0" tests="34" time="4.687" timestamp="2026-03-18T07:30:43.763763+00:00" hostname="agent-env-d5f1b87e-1168-4088-86cf-85e339b9bf58"><testcase classname="tests.test_refactored_api.TestHealthCheck" name="test_api_health" time="0.197" /><testcase classname="tests.test_refactored_api.TestHealthCheck" name="test_root_health" time="0.138"><failure message="requests.exceptions.JSONDecodeError: Expecting value: line 1 column 1 (char 0)">/root/.venv/lib/python3.11/site-packages/requests/models.py:976: in json
    return complexjson.loads(self.text, **kwargs)
           ^^^^^^^^^^^^^^^^^^^^^^^^^^^^^^^^^^^^^^
/usr/local/lib/python3.11/json/__init__.py:346: in loads
    return _default_decoder.decode(s)
           ^^^^^^^^^^^^^^^^^^^^^^^^^^
/usr/local/lib/python3.11/json/decoder.py:337: in decode
    obj, end = self.raw_decode(s, idx=_w(s, 0).end())
               ^^^^^^^^^^^^^^^^^^^^^^^^^^^^^^^^^^^^^^
/usr/local/lib/python3.11/json/decoder.py:355: in raw_decode
    raise JSONDecodeError("Expecting value", s, err.value) from None
E   json.decoder.JSONDecodeError: Expecting value: line 1 column 1 (char 0)

During handling of the above exception, another exception occurred:
tests/test_refactored_api.py:31: in test_root_health
    data = response.json()
           ^^^^^^^^^^^^^^^
/root/.venv/lib/python3.11/site-packages/requests/models.py:980: in json
    raise RequestsJSONDecodeError(e.msg, e.doc, e.pos)
E   requests.exceptions.JSONDecodeError: Expecting value: line 1 column 1 (char 0)</failure></testcase><testcase classname="tests.test_refactored_api.TestHealthCheck" name="test_api_root" time="0.132" /><testcase classname="tests.test_refactored_api.TestAuthRoutes" name="test_admin_login_success" time="0.104" /><testcase classname="tests.test_refactored_api.TestAuthRoutes" name="test_admin_login_invalid_credentials" time="0.109" /><testcase classname="tests.test_refactored_api.TestAuthRoutes" name="test_auth_me_with_token" time="0.212" /><testcase classname="tests.test_refactored_api.TestPublicProductRoutes" name="test_get_categories" time="0.103" /><testcase classname="tests.test_refactored_api.TestPublicProductRoutes" name="test_get_products_public" time="0.098" /><testcase classname="tests.test_refactored_api.TestPublicReviewRoutes" name="test_get_reviews" time="0.099" /><testcase classname="tests.test_refactored_api.TestPublicReviewRoutes" name="test_get_reviews_public_with_stats" time="0.108" /><testcase classname="tests.test_refactored_api.TestPublicFAQRoutes" name="test_get_faqs" time="0.116" /><testcase classname="tests.test_refactored_api.TestPublicPromotionRoutes" name="test_get_bundles" time="0.142" /><testcase classname="tests.test_refactored_api.TestPublicResellerRoutes" name="test_get_reseller_plans" time="0.134" /><testcase classname="tests.test_refactored_api.TestPublicEngagementRoutes" name="test_get_recent_purchases" time="0.097" /><testcase classname="tests.test_refactored_api.TestPublicContentRoutes" name="test_get_payment_methods" time="0.102" /><testcase classname="tests.test_refactored_api.TestAdminProductRoutes" name="test_get_admin_products" time="0.196" /><testcase classname="tests.test_refactored_api.TestAdminOrderRoutes" name="test_get_orders" time="0.237" /><testcase classname="tests.test_refactored_api.TestAdminOrderRoutes" name="test_get_new_confirmed_count" time="0.108" /><testcase classname="tests.test_refactored_api.TestAdminReviewRoutes" name="test_get_admin_reviews" time="0.212" /><testcase classname="tests.test_refactored_api.TestAdminReviewRoutes" name="test_get_review_reward_settings" time="0.105" /><testcase classname="tests.test_refactored_api.TestAdminPromoRoutes" name="test_get_promo_codes" time="0.199" /><testcase classname="tests.test_refactored_api.TestAdminPromoRoutes" name="test_get_credit_settings" time="0.106" /><testcase classname="tests.test_refactored_api.TestAdminAnalyticsRoutes" name="test_get_analytics_overview" time="0.222" /><testcase classname="tests.test_refactored_api.TestAdminEngagementRoutes" name="test_get_referral_settings" time="0.207" /><testcase classname="tests.test_refactored_api.TestAdminEngagementRoutes" name="test_get_newsletter_stats" time="0.112" /><testcase classname="tests.test_refactored_api.TestTrackVisit" name="test_track_visit" time="0.119" /><testcase classname="tests.test_refactored_api.TestAdminAdRoutes" name="test_get_active_ads_home_banner" time="0.099" /><testcase classname="tests.test_refactored_api.TestAdminAdRoutes" name="test_get_active_ads_popup" time="0.102" /><testcase classname="tests.test_refactored_api.TestContentRoutes" name="test_get_social_links" time="0.102" /><testcase classname="tests.test_refactored_api.TestContentRoutes" name="test_get_notification_bar" time="0.106" /><testcase classname="tests.test_refactored_api.TestContentRoutes" name="test_get_blog" time="0.104" /><testcase classname="tests.test_refactored_api.TestWishlistRoutes" name="test_get_wishlist" time="0.099" /><testcase classname="tests.test_refactored_api.TestDailyRewardRoutes" name="test_get_daily_reward_settings" time="0.099" /><testcase classname="tests.test_refactored_api.TestMultiplierRoutes" name="test_get_active_multiplier" time="0.117" /></testsuite></testsuites>