<?xml version="1.0" encoding="utf-8"?><testsuites name="pytest tests"><testsuite name="pytest" errors="0" failures="0" skipped="1" tests="15" time="3.178" timestamp="2026-03-11T16:20:07.584907+00:00" hostname="agent-env-5fa07ffd-d123-4702-be70-94a18bfc04e4"><testcase classname="backend.tests.test_comprehensive.TestHealthAndAuth" name="test_health_endpoint" time="0.211" /><testcase classname="backend.tests.test_comprehensive.TestHealthAndAuth" name="test_admin_login_success" time="0.128" /><testcase classname="backend.tests.test_comprehensive.TestHealthAndAuth" name="test_admin_login_invalid_password" time="0.110" /><testcase classname="backend.tests.test_comprehensive.TestProducts" name="test_get_products" time="0.117" /><testcase classname="backend.tests.test_comprehensive.TestProducts" name="test_get_product_by_slug" time="0.247" /><testcase classname="backend.tests.test_comprehensive.TestOrders" name="test_get_orders_authenticated" time="0.241" /><testcase classname="backend.tests.test_comprehensive.TestOrders" name="test_get_orders_unauthenticated" time="0.123" /><testcase classname="backend.tests.test_comprehensive.TestPromoCodes" name="test_get_promo_codes" time="0.241" /><testcase classname="backend.tests.test_comprehensive.TestPromoCodes" name="test_get_promo_analytics" time="0.230" /><testcase classname="backend.tests.test_comprehensive.TestCreditSettings" name="test_get_credit_settings" time="0.239" /><testcase classname="backend.tests.test_comprehensive.TestCreditSettings" name="test_update_credit_settings" time="0.663" /><testcase classname="backend.tests.test_comprehensive.TestAnalytics" name="test_get_analytics_summary" time="0.250"><skipped type="pytest.skip" message="Analytics summary endpoint not found">/app/backend/tests/test_comprehensive.py:215: Analytics summary endpoint not found</skipped></testcase><testcase classname="backend.tests.test_comprehensive.TestDailyReward" name="test_get_daily_reward_settings" time="0.124" /><testcase classname="backend.tests.test_comprehensive.TestCategories" name="test_get_categories" time="0.115" /><testcase classname="backend.tests.test_comprehensive.TestCustomerAuth" name="test_customer_google_auth_endpoint_exists" time="0.072" /></testsuite></testsuites>