<?xml version="1.0" encoding="utf-8"?><testsuites name="pytest tests"><testsuite name="pytest" errors="0" failures="0" skipped="0" tests="9" time="5.989" timestamp="2026-03-14T07:54:09.663889+00:00" hostname="agent-env-7e20776c-1a8f-4b5e-9aa8-06dc91e2addd"><testcase classname="backend.tests.test_review_rewards.TestReviewRewardSettings" name="test_get_reward_settings_returns_defaults" time="0.348" /><testcase classname="backend.tests.test_review_rewards.TestReviewRewardSettings" name="test_update_reward_settings_percentage" time="0.317" /><testcase classname="backend.tests.test_review_rewards.TestReviewRewardSettings" name="test_update_reward_settings_disable" time="0.314" /><testcase classname="backend.tests.test_review_rewards.TestPromoCodeGeneration" name="test_approve_customer_review_generates_promo" time="1.658" /><testcase classname="backend.tests.test_review_rewards.TestPromoCodeGeneration" name="test_approve_admin_review_no_promo" time="0.407" /><testcase classname="backend.tests.test_review_rewards.TestPromoCodeGeneration" name="test_re_approve_review_no_duplicate_promo" time="1.809" /><testcase classname="backend.tests.test_review_rewards.TestPromoCodeGeneration" name="test_disabled_rewards_no_promo" time="0.554" /><testcase classname="backend.tests.test_review_rewards.TestPromoCodeValidation" name="test_promo_code_list_contains_review_rewards" time="0.208" /><testcase classname="backend.tests.test_review_rewards.TestOrderCompletionEmail" name="test_order_complete_endpoint_exists" time="0.208" /></testsuite></testsuites>