<?xml version="1.0" encoding="utf-8"?><testsuites name="pytest tests"><testsuite name="pytest" errors="0" failures="0" skipped="0" tests="12" time="3.308" timestamp="2026-03-11T14:59:38.117523+00:00" hostname="agent-env-5fa07ffd-d123-4702-be70-94a18bfc04e4"><testcase classname="backend.tests.test_admin_features.TestPeakHoursAnalytics" name="test_peak_hours_endpoint_returns_200" time="0.338" /><testcase classname="backend.tests.test_admin_features.TestPeakHoursAnalytics" name="test_peak_hours_returns_hourly_data" time="0.156" /><testcase classname="backend.tests.test_admin_features.TestPeakHoursAnalytics" name="test_peak_hours_returns_insights" time="0.155" /><testcase classname="backend.tests.test_admin_features.TestPeakHoursAnalytics" name="test_peak_hours_with_different_days" time="0.498" /><testcase classname="backend.tests.test_admin_features.TestDailySummarySend" name="test_send_daily_summary_endpoint_exists" time="0.978" /><testcase classname="backend.tests.test_admin_features.TestDailySummarySend" name="test_send_daily_summary_requires_auth" time="0.136" /><testcase classname="backend.tests.test_admin_features.TestOrdersEndpoint" name="test_get_orders_returns_list" time="0.119" /><testcase classname="backend.tests.test_admin_features.TestOrdersEndpoint" name="test_order_complete_endpoint_exists" time="0.114" /><testcase classname="backend.tests.test_admin_features.TestAnalyticsDateRange" name="test_revenue_chart_endpoint" time="0.119" /><testcase classname="backend.tests.test_admin_features.TestAnalyticsDateRange" name="test_revenue_chart_different_days" time="0.397" /><testcase classname="backend.tests.test_admin_features.TestAnalyticsDateRange" name="test_today_hourly_endpoint" time="0.112" /><testcase classname="backend.tests.test_admin_features.TestOrderStatusUpdate" name="test_order_status_update_endpoint" time="0.120" /></testsuite></testsuites>