<?xml version="1.0" encoding="utf-8"?><testsuites name="pytest tests"><testsuite name="pytest" errors="0" failures="0" skipped="0" tests="12" time="3.146" timestamp="2026-04-03T14:13:52.900905+00:00" hostname="agent-env-bb602274-5b61-46fb-91b0-ec536c2f6a80"><testcase classname="backend.tests.test_trustpilot.TestTrustpilotAPI" name="test_get_trustpilot_config_success" time="0.255" /><testcase classname="backend.tests.test_trustpilot.TestTrustpilotAPI" name="test_get_trustpilot_config_requires_auth" time="0.256" /><testcase classname="backend.tests.test_trustpilot.TestTrustpilotAPI" name="test_update_trustpilot_config_success" time="0.244" /><testcase classname="backend.tests.test_trustpilot.TestTrustpilotAPI" name="test_update_trustpilot_config_empty_domain" time="0.165" /><testcase classname="backend.tests.test_trustpilot.TestTrustpilotAPI" name="test_update_trustpilot_config_requires_auth" time="0.234" /><testcase classname="backend.tests.test_trustpilot.TestTrustpilotAPI" name="test_sync_trustpilot_reviews_success" time="0.336" /><testcase classname="backend.tests.test_trustpilot.TestTrustpilotAPI" name="test_sync_trustpilot_reviews_requires_auth" time="0.209" /><testcase classname="backend.tests.test_trustpilot.TestTrustpilotAPI" name="test_get_trustpilot_reviews_success" time="0.149" /><testcase classname="backend.tests.test_trustpilot.TestTrustpilotAPI" name="test_get_trustpilot_reviews_requires_auth" time="0.228" /><testcase classname="backend.tests.test_trustpilot.TestTrustpilotAPI" name="test_delete_all_trustpilot_reviews_requires_auth" time="0.203" /><testcase classname="backend.tests.test_trustpilot.TestTrustpilotAPI" name="test_delete_all_trustpilot_reviews_success" time="0.355" /><testcase classname="backend.tests.test_trustpilot.TestTrustpilotAPI" name="test_full_trustpilot_workflow" time="0.455" /></testsuite></testsuites>