<?xml version="1.0" encoding="utf-8"?><testsuites name="pytest tests"><testsuite name="pytest" errors="0" failures="0" skipped="0" tests="9" time="1.803" timestamp="2026-03-11T15:20:50.622663+00:00" hostname="agent-env-5fa07ffd-d123-4702-be70-94a18bfc04e4"><testcase classname="backend.tests.test_credit_percentage.TestCreditSettingsGet" name="test_get_settings_returns_max_credit_percentage" time="0.182" /><testcase classname="backend.tests.test_credit_percentage.TestCreditSettingsGet" name="test_get_settings_returns_all_required_fields" time="0.131" /><testcase classname="backend.tests.test_credit_percentage.TestCreditSettingsPut" name="test_update_max_credit_percentage" time="0.460" /><testcase classname="backend.tests.test_credit_percentage.TestCreditSettingsPut" name="test_update_requires_auth" time="0.148" /><testcase classname="backend.tests.test_credit_percentage.TestCreditValidate" name="test_validate_returns_max_credit_percentage" time="0.129" /><testcase classname="backend.tests.test_credit_percentage.TestCreditValidate" name="test_validate_returns_required_fields" time="0.116" /><testcase classname="backend.tests.test_credit_percentage.TestCreditValidate" name="test_validate_with_products" time="0.167" /><testcase classname="backend.tests.test_credit_percentage.TestCreditPercentageIntegration" name="test_percentage_cap_calculation" time="0.145" /><testcase classname="backend.tests.test_credit_percentage.TestCreditPercentageIntegration" name="test_settings_consistency_with_validate" time="0.262" /></testsuite></testsuites>