<?xml version="1.0" encoding="utf-8"?><testsuites name="pytest tests"><testsuite name="pytest" errors="0" failures="0" skipped="0" tests="14" time="3.596" timestamp="2026-03-14T07:40:20.629605+00:00" hostname="agent-env-7e20776c-1a8f-4b5e-9aa8-06dc91e2addd"><testcase classname="backend.tests.test_reviews.TestReviewsPublicAPI" name="test_get_reviews_homepage" time="0.368" /><testcase classname="backend.tests.test_reviews.TestReviewsPublicAPI" name="test_get_reviews_public_paginated" time="0.144" /><testcase classname="backend.tests.test_reviews.TestReviewsAdminAPI" name="test_admin_get_all_reviews" time="0.263" /><testcase classname="backend.tests.test_reviews.TestReviewsAdminAPI" name="test_admin_create_manual_review" time="0.216" /><testcase classname="backend.tests.test_reviews.TestReviewsAdminAPI" name="test_admin_update_review_status" time="0.461" /><testcase classname="backend.tests.test_reviews.TestReviewsAdminAPI" name="test_admin_update_review_status_validation" time="0.301" /><testcase classname="backend.tests.test_reviews.TestReviewsAdminAPI" name="test_admin_delete_review" time="0.431" /><testcase classname="backend.tests.test_reviews.TestCustomerReviewAPI" name="test_customer_my_review_without_auth" time="0.107" /><testcase classname="backend.tests.test_reviews.TestCustomerReviewAPI" name="test_customer_submit_review_without_auth" time="0.116" /><testcase classname="backend.tests.test_reviews.TestCustomerReviewAPI" name="test_customer_update_review_without_auth" time="0.095" /><testcase classname="backend.tests.test_reviews.TestReviewDataIntegrity" name="test_review_rating_validation" time="0.305" /><testcase classname="backend.tests.test_reviews.TestReviewDataIntegrity" name="test_homepage_reviews_only_approved" time="0.126" /><testcase classname="backend.tests.test_reviews.TestReviewDataIntegrity" name="test_public_reviews_stats_accuracy" time="0.101" /><testcase classname="backend.tests.test_reviews.TestHealthCheck" name="test_api_health" time="0.490" /></testsuite></testsuites>