<?xml version="1.0" encoding="utf-8"?><testsuites name="pytest tests"><testsuite name="pytest" errors="0" failures="0" skipped="0" tests="12" time="7.953" timestamp="2026-03-11T15:08:19.778228+00:00" hostname="agent-env-5fa07ffd-d123-4702-be70-94a18bfc04e4"><testcase classname="backend.tests.test_admin_dashboard.TestAdminAuth" name="test_admin_login_success" time="0.597" /><testcase classname="backend.tests.test_admin_dashboard.TestAnalyticsOverview" name="test_analytics_overview_returns_200" time="0.702" /><testcase classname="backend.tests.test_admin_dashboard.TestAnalyticsOverview" name="test_analytics_overview_structure" time="0.190" /><testcase classname="backend.tests.test_admin_dashboard.TestAnalyticsOverview" name="test_analytics_overview_requires_auth" time="0.589" /><testcase classname="backend.tests.test_admin_dashboard.TestRevenueChart" name="test_revenue_chart_7days" time="1.186" /><testcase classname="backend.tests.test_admin_dashboard.TestRevenueChart" name="test_revenue_chart_default_30days" time="0.461" /><testcase classname="backend.tests.test_admin_dashboard.TestRevenueChart" name="test_revenue_chart_requires_auth" time="0.278" /><testcase classname="backend.tests.test_admin_dashboard.TestOrdersEndpoint" name="test_orders_list_returns_200" time="0.802" /><testcase classname="backend.tests.test_admin_dashboard.TestOrdersEndpoint" name="test_orders_list_structure" time="0.498" /><testcase classname="backend.tests.test_admin_dashboard.TestProductsEndpoint" name="test_products_list_public" time="0.455" /><testcase classname="backend.tests.test_admin_dashboard.TestCategoriesEndpoint" name="test_categories_list_public" time="0.131" /><testcase classname="backend.tests.test_admin_dashboard.TestDashboardDataIntegration" name="test_all_dashboard_apis_return_data" time="1.994" /></testsuite></testsuites>