<?xml version="1.0" encoding="utf-8"?><testsuites name="pytest tests"><testsuite name="pytest" errors="0" failures="1" skipped="0" tests="21" time="5.168" timestamp="2026-02-18T17:55:21.020104+00:00" hostname="agent-env-94a77b01-58b2-4a56-a467-bd9b8a312737"><testcase classname="backend.tests.test_gameshop_nepal.TestPublicEndpoints" name="test_get_products" time="0.215" /><testcase classname="backend.tests.test_gameshop_nepal.TestPublicEndpoints" name="test_get_categories" time="0.170" /><testcase classname="backend.tests.test_gameshop_nepal.TestPublicEndpoints" name="test_get_reviews" time="0.135" /><testcase classname="backend.tests.test_gameshop_nepal.TestPublicEndpoints" name="test_get_faqs" time="0.145" /><testcase classname="backend.tests.test_gameshop_nepal.TestPublicEndpoints" name="test_get_payment_methods" time="0.136" /><testcase classname="backend.tests.test_gameshop_nepal.TestPublicEndpoints" name="test_get_social_links" time="0.144" /><testcase classname="backend.tests.test_gameshop_nepal.TestPublicEndpoints" name="test_get_notification_bar" time="0.132" /><testcase classname="backend.tests.test_gameshop_nepal.TestAdminAuth" name="test_admin_login_success" time="0.142" /><testcase classname="backend.tests.test_gameshop_nepal.TestAdminAuth" name="test_admin_login_invalid_credentials" time="0.122" /><testcase classname="backend.tests.test_gameshop_nepal.TestAdminAuth" name="test_get_current_user" time="0.248" /><testcase classname="backend.tests.test_gameshop_nepal.TestAdminDashboard" name="test_analytics_overview" time="0.120" /><testcase classname="backend.tests.test_gameshop_nepal.TestAdminDashboard" name="test_analytics_top_products" time="0.143" /><testcase classname="backend.tests.test_gameshop_nepal.TestStaffManagement" name="test_get_all_admins" time="0.163" /><testcase classname="backend.tests.test_gameshop_nepal.TestStaffManagement" name="test_get_permissions" time="0.158" /><testcase classname="backend.tests.test_gameshop_nepal.TestStaffManagement" name="test_staff_crud_flow" time="0.518" /><testcase classname="backend.tests.test_gameshop_nepal.TestOrders" name="test_get_orders" time="0.133" /><testcase classname="backend.tests.test_gameshop_nepal.TestOrders" name="test_create_order" time="1.032"><failure message="AssertionError: assert 'id' in {'message': 'Order created successfully', 'order_id': 'ed82a12f-7d15-4057-928b-6efcda619138', 'success': True}">backend/tests/test_gameshop_nepal.py:290: in test_create_order
    assert "id" in data
E   AssertionError: assert 'id' in {'message': 'Order created successfully', 'order_id': 'ed82a12f-7d15-4057-928b-6efcda619138', 'success': True}</failure></testcase><testcase classname="backend.tests.test_gameshop_nepal.TestCustomerAuth" name="test_send_otp_requires_whatsapp" time="0.119" /><testcase classname="backend.tests.test_gameshop_nepal.TestCustomerAuth" name="test_send_otp_success" time="0.801" /><testcase classname="backend.tests.test_gameshop_nepal.TestProductSearch" name="test_advanced_search" time="0.154" /><testcase classname="backend.tests.test_gameshop_nepal.TestProductSearch" name="test_search_suggestions" time="0.123" /></testsuite></testsuites>