<?xml version="1.0" encoding="utf-8"?><testsuites name="pytest tests"><testsuite name="pytest" errors="0" failures="0" skipped="0" tests="11" time="1.526" timestamp="2026-03-01T04:57:35.888005+00:00" hostname="agent-env-3f7f8e2f-a9ea-48ef-a158-2db089486a6b"><testcase classname="backend.tests.test_401_error_handling.TestCustomerEndpoints401Errors" name="test_customer_orders_returns_401_with_invalid_token" time="0.203" /><testcase classname="backend.tests.test_401_error_handling.TestCustomerEndpoints401Errors" name="test_customer_orders_returns_401_with_expired_token" time="0.112" /><testcase classname="backend.tests.test_401_error_handling.TestCustomerEndpoints401Errors" name="test_customer_stats_returns_401_with_invalid_token" time="0.105" /><testcase classname="backend.tests.test_401_error_handling.TestCustomerEndpoints401Errors" name="test_customer_stats_returns_401_with_expired_token" time="0.143" /><testcase classname="backend.tests.test_401_error_handling.TestCustomerEndpoints401Errors" name="test_customer_profile_update_returns_401_with_invalid_token" time="0.125" /><testcase classname="backend.tests.test_401_error_handling.TestCustomerEndpoints401Errors" name="test_customer_profile_update_returns_401_with_expired_token" time="0.106" /><testcase classname="backend.tests.test_401_error_handling.TestCustomerEndpoints401Errors" name="test_customer_me_returns_401_with_invalid_token" time="0.109" /><testcase classname="backend.tests.test_401_error_handling.TestCustomerEndpoints401Errors" name="test_customer_orders_returns_401_without_auth_header" time="0.121" /><testcase classname="backend.tests.test_401_error_handling.TestCustomerEndpoints401Errors" name="test_customer_stats_returns_401_without_auth_header" time="0.113" /><testcase classname="backend.tests.test_401_error_handling.TestCreditsEndpoint401Errors" name="test_customer_credits_balance_requires_email" time="0.108" /><testcase classname="backend.tests.test_401_error_handling.TestCreditsEndpoint401Errors" name="test_customer_credits_balance_with_email" time="0.101" /></testsuite></testsuites>